
** (zeitgeist-fts:17199): WARNING **: Unable to get info on application://nautilus-autostart.desktop

** (zeitgeist-fts:17199): WARNING **: Unable to get info on application://nautilus-autostart.desktop

** (zeitgeist-fts:17199): WARNING **: Unable to get info on application://nautilus-autostart.desktop

** (zeitgeist-fts:17199): WARNING **: Unable to get info on application://nautilus-autostart.desktop

** (zeitgeist-fts:17199): WARNING **: Unable to get info on application://nautilus-autostart.desktop

** (zeitgeist-fts:17199): WARNING **: Unable to get info on application://nautilus-autostart.desktop
UnregisterDocument URI 'file:///home/alunoifpe/Downloads/WEB%20II%20-%20Aula%2008%20-%20Tutorial%20Inclus%C3%A3o%20de%20Categorias.pdf'

** (zeitgeist-fts:17199): WARNING **: Unable to get info on application://nautilus-autostart.desktop
Activating service name='org.gnome.evince.Daemon'
Successfully activated service 'org.gnome.evince.Daemon'
RegisterDocument registered owner ':1.111' for URI 'file:///home/alunoifpe/Downloads/WEB%20II%20-%20Aula%2008%20-%20Tutorial%20Inclus%C3%A3o%20de%20Categorias.pdf'
Watch name':1.111' appeared with owner ':1.111'
RegisterDocument process pending invocations for URI file:///home/alunoifpe/Downloads/WEB%20II%20-%20Aula%2008%20-%20Tutorial%20Inclus%C3%A3o%20de%20Categorias.pdf
UnregisterDocument URI 'file:///home/alunoifpe/Downloads/WEB%20II%20-%20Aula%2008%20-%20Tutorial%20Inclus%C3%A3o%20de%20Categorias.pdf'

** (zeitgeist-fts:17199): WARNING **: Unable to get info on application://nautilus-autostart.desktop
Activating service name='com.canonical.Unity.Scope.Academic.Zotero'
Successfully activated service 'com.canonical.Unity.Scope.Academic.Zotero'

** (zeitgeist-fts:17199): WARNING **: Unable to get info on application://nautilus-autostart.desktop

** (zeitgeist-fts:17199): WARNING **: Unable to get info on application://nautilus-autostart.desktop
module-cache-reaper-Message: Reaping abandoned data directories
module-cache-reaper-Message: Reaping abandoned cache directories

** (zeitgeist-fts:17199): WARNING **: Unable to get info on application://nautilus-autostart.desktop
Activating service name='org.gnome.evince.Daemon'
Successfully activated service 'org.gnome.evince.Daemon'
RegisterDocument registered owner ':1.120' for URI 'file:///home/alunoifpe/Downloads/WEB%20II%20-%20Aula_04%20-%20Instalando%20o%20CakePHP%20e%20Infraestrutura(1).pdf'
Watch name':1.120' appeared with owner ':1.120'
RegisterDocument process pending invocations for URI file:///home/alunoifpe/Downloads/WEB%20II%20-%20Aula_04%20-%20Instalando%20o%20CakePHP%20e%20Infraestrutura(1).pdf

** (zeitgeist-fts:17199): WARNING **: Unable to get info on application://nautilus-autostart.desktop
RegisterDocument registered owner ':1.123' for URI 'file:///home/alunoifpe/Downloads/WEB%20II%20-%20Aula_05%20-%20Primeira%20Aplica%C3%A7%C3%A3o%20-%20Tutorial%20Blog.pdf'
Watch name':1.123' appeared with owner ':1.123'
RegisterDocument process pending invocations for URI file:///home/alunoifpe/Downloads/WEB%20II%20-%20Aula_05%20-%20Primeira%20Aplica%C3%A7%C3%A3o%20-%20Tutorial%20Blog.pdf

** (zeitgeist-fts:17199): WARNING **: Unable to get info on application://nautilus-autostart.desktop
RegisterDocument registered owner ':1.125' for URI 'file:///home/alunoifpe/Downloads/WEB%20II%20-%20Aula_06%20-%20Primeira%20Aplica%C3%A7%C3%A3o%20-%20Entendendo%20o%20C%C3%B3digo%20Gerado%20pelo%20Cake.pdf'
Watch name':1.125' appeared with owner ':1.125'
RegisterDocument process pending invocations for URI file:///home/alunoifpe/Downloads/WEB%20II%20-%20Aula_06%20-%20Primeira%20Aplica%C3%A7%C3%A3o%20-%20Entendendo%20o%20C%C3%B3digo%20Gerado%20pelo%20Cake.pdf

** (zeitgeist-fts:17199): WARNING **: Unable to get info on application://nautilus-autostart.desktop

** (zeitgeist-fts:17199): WARNING **: Unable to get info on application://nautilus-autostart.desktop

** (zeitgeist-fts:17199): WARNING **: Unable to get info on application://nautilus-autostart.desktop
UnregisterDocument URI 'file:///home/alunoifpe/Downloads/WEB%20II%20-%20Aula_05%20-%20Primeira%20Aplica%C3%A7%C3%A3o%20-%20Tutorial%20Blog.pdf'

** (zeitgeist-fts:17199): WARNING **: Unable to get info on application://nautilus-autostart.desktop
RegisterDocument registered owner ':1.130' for URI 'file:///home/alunoifpe/Downloads/WEB%20II%20-%20Aula_07%20-%20Tutorial%20Autentica%C3%A7%C3%A3o%20e%20Autoriza%C3%A7%C3%A3o.pdf'
Watch name':1.130' appeared with owner ':1.130'
RegisterDocument process pending invocations for URI file:///home/alunoifpe/Downloads/WEB%20II%20-%20Aula_07%20-%20Tutorial%20Autentica%C3%A7%C3%A3o%20e%20Autoriza%C3%A7%C3%A3o.pdf

** (zeitgeist-fts:17199): WARNING **: Unable to get info on application://nautilus-autostart.desktop

** (zeitgeist-fts:17199): WARNING **: Unable to get info on application://nautilus-autostart.desktop

** (zeitgeist-fts:17199): WARNING **: Unable to get info on application://nautilus-autostart.desktop

** (zeitgeist-fts:17199): WARNING **: Unable to get info on application://nautilus-autostart.desktop

** (zeitgeist-fts:17199): WARNING **: Unable to get info on application://nautilus-autostart.desktop

** (zeitgeist-fts:17199): WARNING **: Unable to get info on application://nautilus-autostart.desktop

** (zeitgeist-fts:17199): WARNING **: Unable to get info on application://nautilus-autostart.desktop

** (zeitgeist-fts:17199): WARNING **: Unable to get info on application://nautilus-autostart.desktop

** (zeitgeist-datahub:17201): WARNING **: recent-manager-provider.vala:132: Desktop file for "file:///home/alunoifpe/kaline" was not found, exec: sublime_text, mime_type: inode/directory

** (zeitgeist-fts:17199): WARNING **: Unable to get info on application://nautilus-autostart.desktop

** (zeitgeist-datahub:17201): WARNING **: recent-manager-provider.vala:132: Desktop file for "file:///home/alunoifpe/kaline" was not found, exec: sublime_text, mime_type: inode/directory

** (zeitgeist-fts:17199): WARNING **: Unable to get info on application://nautilus-autostart.desktop

** (zeitgeist-datahub:17201): WARNING **: recent-manager-provider.vala:132: Desktop file for "file:///home/alunoifpe/kaline" was not found, exec: sublime_text, mime_type: inode/directory

** (zeitgeist-datahub:17201): WARNING **: recent-manager-provider.vala:132: Desktop file for "file:///home/alunoifpe/kaline" was not found, exec: sublime_text, mime_type: inode/directory

** (zeitgeist-datahub:17201): WARNING **: recent-manager-provider.vala:132: Desktop file for "file:///home/alunoifpe/kaline" was not found, exec: sublime_text, mime_type: inode/directory

** (zeitgeist-fts:17199): WARNING **: Unable to get info on application://nautilus-autostart.desktop

** (zeitgeist-datahub:17201): WARNING **: recent-manager-provider.vala:132: Desktop file for "file:///home/alunoifpe/kaline" was not found, exec: sublime_text, mime_type: inode/directory

** (zeitgeist-datahub:17201): WARNING **: recent-manager-provider.vala:132: Desktop file for "file:///home/alunoifpe/kaline" was not found, exec: sublime_text, mime_type: inode/directory

** (zeitgeist-datahub:17201): WARNING **: recent-manager-provider.vala:132: Desktop file for "file:///home/alunoifpe/kaline" was not found, exec: sublime_text, mime_type: inode/directory
UnregisterDocument URI 'file:///home/alunoifpe/Downloads/WEB%20II%20-%20Aula_07%20-%20Tutorial%20Autentica%C3%A7%C3%A3o%20e%20Autoriza%C3%A7%C3%A3o.pdf'

** (zeitgeist-datahub:17201): WARNING **: recent-manager-provider.vala:132: Desktop file for "file:///home/alunoifpe/kaline" was not found, exec: sublime_text, mime_type: inode/directory
UnregisterDocument URI 'file:///home/alunoifpe/Downloads/WEB%20II%20-%20Aula_06%20-%20Primeira%20Aplica%C3%A7%C3%A3o%20-%20Entendendo%20o%20C%C3%B3digo%20Gerado%20pelo%20Cake.pdf'

** (zeitgeist-datahub:17201): WARNING **: recent-manager-provider.vala:132: Desktop file for "file:///home/alunoifpe/kaline" was not found, exec: sublime_text, mime_type: inode/directory
UnregisterDocument URI 'file:///home/alunoifpe/Downloads/WEB%20II%20-%20Aula_04%20-%20Instalando%20o%20CakePHP%20e%20Infraestrutura(1).pdf'

** (zeitgeist-datahub:17201): WARNING **: recent-manager-provider.vala:132: Desktop file for "file:///home/alunoifpe/kaline" was not found, exec: sublime_text, mime_type: inode/directory

** (zeitgeist-datahub:17201): WARNING **: recent-manager-provider.vala:132: Desktop file for "file:///home/alunoifpe/kaline" was not found, exec: sublime_text, mime_type: inode/directory

** (zeitgeist-fts:17199): WARNING **: Unable to get info on application://nautilus-autostart.desktop
Activating service name='org.gnome.evince.Daemon'
Successfully activated service 'org.gnome.evince.Daemon'
RegisterDocument registered owner ':1.179' for URI 'file:///home/alunoifpe/Downloads/WEB%20II%20-%20Aula%2008%20-%20Tutorial%20Inclus%C3%A3o%20de%20Categorias.pdf'
Watch name':1.179' appeared with owner ':1.179'
RegisterDocument process pending invocations for URI file:///home/alunoifpe/Downloads/WEB%20II%20-%20Aula%2008%20-%20Tutorial%20Inclus%C3%A3o%20de%20Categorias.pdf

** (zeitgeist-datahub:17201): WARNING **: recent-manager-provider.vala:132: Desktop file for "file:///home/alunoifpe/kaline" was not found, exec: sublime_text, mime_type: inode/directory
UnregisterDocument URI 'file:///home/alunoifpe/Downloads/WEB%20II%20-%20Aula%2008%20-%20Tutorial%20Inclus%C3%A3o%20de%20Categorias.pdf'

** (zeitgeist-datahub:17201): WARNING **: recent-manager-provider.vala:132: Desktop file for "file:///home/alunoifpe/kaline" was not found, exec: sublime_text, mime_type: inode/directory
Activating service name='org.gnome.evince.Daemon'

** (zeitgeist-fts:17199): WARNING **: Unable to get info on application://nautilus-autostart.desktop
Successfully activated service 'org.gnome.evince.Daemon'
RegisterDocument registered owner ':1.188' for URI 'file:///home/alunoifpe/Downloads/WEB%20II%20-%20Aula_07%20-%20Tutorial%20Autentica%C3%A7%C3%A3o%20e%20Autoriza%C3%A7%C3%A3o.pdf'
Watch name':1.188' appeared with owner ':1.188'
RegisterDocument process pending invocations for URI file:///home/alunoifpe/Downloads/WEB%20II%20-%20Aula_07%20-%20Tutorial%20Autentica%C3%A7%C3%A3o%20e%20Autoriza%C3%A7%C3%A3o.pdf

** (zeitgeist-datahub:17201): WARNING **: recent-manager-provider.vala:132: Desktop file for "file:///home/alunoifpe/kaline" was not found, exec: sublime_text, mime_type: inode/directory
UnregisterDocument URI 'file:///home/alunoifpe/Downloads/WEB%20II%20-%20Aula_07%20-%20Tutorial%20Autentica%C3%A7%C3%A3o%20e%20Autoriza%C3%A7%C3%A3o.pdf'

** (zeitgeist-datahub:17201): WARNING **: recent-manager-provider.vala:132: Desktop file for "file:///home/alunoifpe/kaline" was not found, exec: sublime_text, mime_type: inode/directory

** (zeitgeist-fts:17199): WARNING **: Unable to get info on application://nautilus-autostart.desktop
Activating service name='org.gnome.evince.Daemon'
Successfully activated service 'org.gnome.evince.Daemon'
RegisterDocument registered owner ':1.207' for URI 'file:///home/alunoifpe/Downloads/WEB%20II%20-%20Aula_05%20-%20Primeira%20Aplica%C3%A7%C3%A3o%20-%20Tutorial%20Blog.pdf'
Watch name':1.207' appeared with owner ':1.207'
RegisterDocument process pending invocations for URI file:///home/alunoifpe/Downloads/WEB%20II%20-%20Aula_05%20-%20Primeira%20Aplica%C3%A7%C3%A3o%20-%20Tutorial%20Blog.pdf

** (zeitgeist-datahub:17201): WARNING **: recent-manager-provider.vala:132: Desktop file for "file:///home/alunoifpe/kaline" was not found, exec: sublime_text, mime_type: inode/directory

** (zeitgeist-fts:17199): WARNING **: Unable to get info on application://nautilus-autostart.desktop
RegisterDocument registered owner ':1.210' for URI 'file:///home/alunoifpe/Downloads/WEB%20II%20-%20Aula_04%20-%20Instalando%20o%20CakePHP%20e%20Infraestrutura(1).pdf'
Watch name':1.210' appeared with owner ':1.210'
RegisterDocument process pending invocations for URI file:///home/alunoifpe/Downloads/WEB%20II%20-%20Aula_04%20-%20Instalando%20o%20CakePHP%20e%20Infraestrutura(1).pdf

** (zeitgeist-datahub:17201): WARNING **: recent-manager-provider.vala:132: Desktop file for "file:///home/alunoifpe/kaline" was not found, exec: sublime_text, mime_type: inode/directory
RegisterDocument found owner ':1.207' for URI 'file:///home/alunoifpe/Downloads/WEB%20II%20-%20Aula_05%20-%20Primeira%20Aplica%C3%A7%C3%A3o%20-%20Tutorial%20Blog.pdf'

** (zeitgeist-datahub:17201): WARNING **: recent-manager-provider.vala:132: Desktop file for "file:///home/alunoifpe/kaline" was not found, exec: sublime_text, mime_type: inode/directory
UnregisterDocument URI 'file:///home/alunoifpe/Downloads/WEB%20II%20-%20Aula_04%20-%20Instalando%20o%20CakePHP%20e%20Infraestrutura(1).pdf'

** (zeitgeist-datahub:17201): WARNING **: recent-manager-provider.vala:132: Desktop file for "file:///home/alunoifpe/kaline" was not found, exec: sublime_text, mime_type: inode/directory
UnregisterDocument URI 'file:///home/alunoifpe/Downloads/WEB%20II%20-%20Aula_05%20-%20Primeira%20Aplica%C3%A7%C3%A3o%20-%20Tutorial%20Blog.pdf'

** (zeitgeist-datahub:17201): WARNING **: recent-manager-provider.vala:132: Desktop file for "file:///home/alunoifpe/kaline" was not found, exec: sublime_text, mime_type: inode/directory

** (zeitgeist-fts:17199): WARNING **: Unable to get info on application://nautilus-autostart.desktop
Activating service name='org.gnome.evince.Daemon'
Successfully activated service 'org.gnome.evince.Daemon'
RegisterDocument registered owner ':1.213' for URI 'file:///home/alunoifpe/Downloads/WEB%20II%20-%20Aula%2008%20-%20Tutorial%20Inclus%C3%A3o%20de%20Categorias.pdf'
Watch name':1.213' appeared with owner ':1.213'
RegisterDocument process pending invocations for URI file:///home/alunoifpe/Downloads/WEB%20II%20-%20Aula%2008%20-%20Tutorial%20Inclus%C3%A3o%20de%20Categorias.pdf

** (zeitgeist-datahub:17201): WARNING **: recent-manager-provider.vala:132: Desktop file for "file:///home/alunoifpe/kaline" was not found, exec: sublime_text, mime_type: inode/directory
UnregisterDocument URI 'file:///home/alunoifpe/Downloads/WEB%20II%20-%20Aula%2008%20-%20Tutorial%20Inclus%C3%A3o%20de%20Categorias.pdf'

** (zeitgeist-datahub:17201): WARNING **: recent-manager-provider.vala:132: Desktop file for "file:///home/alunoifpe/kaline" was not found, exec: sublime_text, mime_type: inode/directory
Activating service name='org.gnome.evince.Daemon'
Successfully activated service 'org.gnome.evince.Daemon'
RegisterDocument registered owner ':1.216' for URI 'file:///home/alunoifpe/Downloads/WEB%20II%20-%20Aula_07%20-%20Tutorial%20Autentica%C3%A7%C3%A3o%20e%20Autoriza%C3%A7%C3%A3o.pdf'
Watch name':1.216' appeared with owner ':1.216'
RegisterDocument process pending invocations for URI file:///home/alunoifpe/Downloads/WEB%20II%20-%20Aula_07%20-%20Tutorial%20Autentica%C3%A7%C3%A3o%20e%20Autoriza%C3%A7%C3%A3o.pdf

** (zeitgeist-datahub:17201): WARNING **: recent-manager-provider.vala:132: Desktop file for "file:///home/alunoifpe/kaline" was not found, exec: sublime_text, mime_type: inode/directory
UnregisterDocument URI 'file:///home/alunoifpe/Downloads/WEB%20II%20-%20Aula_07%20-%20Tutorial%20Autentica%C3%A7%C3%A3o%20e%20Autoriza%C3%A7%C3%A3o.pdf'

** (zeitgeist-datahub:17201): WARNING **: recent-manager-provider.vala:132: Desktop file for "file:///home/alunoifpe/kaline" was not found, exec: sublime_text, mime_type: inode/directory

** (zeitgeist-fts:17199): WARNING **: Unable to get info on application://nautilus-autostart.desktop
Activating service name='org.gnome.evince.Daemon'
Successfully activated service 'org.gnome.evince.Daemon'
RegisterDocument registered owner ':1.251' for URI 'file:///home/alunoifpe/Downloads/WEB%20II%20-%20Aula_07%20-%20Tutorial%20Autentica%C3%A7%C3%A3o%20e%20Autoriza%C3%A7%C3%A3o.pdf'
Watch name':1.251' appeared with owner ':1.251'
RegisterDocument process pending invocations for URI file:///home/alunoifpe/Downloads/WEB%20II%20-%20Aula_07%20-%20Tutorial%20Autentica%C3%A7%C3%A3o%20e%20Autoriza%C3%A7%C3%A3o.pdf

** (zeitgeist-datahub:17201): WARNING **: recent-manager-provider.vala:132: Desktop file for "file:///home/alunoifpe/kaline" was not found, exec: sublime_text, mime_type: inode/directory

** (zeitgeist-datahub:17201): WARNING **: recent-manager-provider.vala:132: Desktop file for "file:///home/alunoifpe/kaline" was not found, exec: sublime_text, mime_type: inode/directory
UnregisterDocument URI 'file:///home/alunoifpe/Downloads/WEB%20II%20-%20Aula_07%20-%20Tutorial%20Autentica%C3%A7%C3%A3o%20e%20Autoriza%C3%A7%C3%A3o.pdf'

** (zeitgeist-datahub:17201): WARNING **: recent-manager-provider.vala:132: Desktop file for "file:///home/alunoifpe/kaline" was not found, exec: sublime_text, mime_type: inode/directory

** (zeitgeist-fts:17199): WARNING **: Unable to get info on application://nautilus-autostart.desktop
Activating service name='org.gnome.evince.Daemon'
Successfully activated service 'org.gnome.evince.Daemon'
RegisterDocument registered owner ':1.261' for URI 'file:///home/alunoifpe/Downloads/WEB%20II%20-%20Aula_04%20-%20Instalando%20o%20CakePHP%20e%20Infraestrutura.pdf'
Watch name':1.261' appeared with owner ':1.261'
RegisterDocument process pending invocations for URI file:///home/alunoifpe/Downloads/WEB%20II%20-%20Aula_04%20-%20Instalando%20o%20CakePHP%20e%20Infraestrutura.pdf

** (zeitgeist-datahub:17201): WARNING **: recent-manager-provider.vala:132: Desktop file for "file:///home/alunoifpe/kaline" was not found, exec: sublime_text, mime_type: inode/directory

** (zeitgeist-datahub:17201): WARNING **: recent-manager-provider.vala:132: Desktop file for "file:///home/alunoifpe/kaline" was not found, exec: sublime_text, mime_type: inode/directory

** (zeitgeist-datahub:17201): WARNING **: recent-manager-provider.vala:132: Desktop file for "file:///home/alunoifpe/SGRH" was not found, exec: sublime_text, mime_type: inode/directory

** (zeitgeist-datahub:17201): WARNING **: recent-manager-provider.vala:132: Desktop file for "file:///home/alunoifpe/kaline" was not found, exec: sublime_text, mime_type: inode/directory

** (zeitgeist-fts:17199): WARNING **: Unable to get info on application://nautilus-autostart.desktop

** (zeitgeist-datahub:17201): WARNING **: recent-manager-provider.vala:132: Desktop file for "file:///home/alunoifpe/SGRH" was not found, exec: sublime_text, mime_type: inode/directory

** (zeitgeist-datahub:17201): WARNING **: recent-manager-provider.vala:132: Desktop file for "file:///home/alunoifpe/kaline" was not found, exec: sublime_text, mime_type: inode/directory
UnregisterDocument URI 'file:///home/alunoifpe/Downloads/WEB%20II%20-%20Aula_04%20-%20Instalando%20o%20CakePHP%20e%20Infraestrutura.pdf'

** (zeitgeist-datahub:17201): WARNING **: recent-manager-provider.vala:132: Desktop file for "file:///home/alunoifpe/SGRH" was not found, exec: sublime_text, mime_type: inode/directory

** (zeitgeist-datahub:17201): WARNING **: recent-manager-provider.vala:132: Desktop file for "file:///home/alunoifpe/kaline" was not found, exec: sublime_text, mime_type: inode/directory

** (zeitgeist-fts:17199): WARNING **: Unable to get info on application://nautilus-autostart.desktop
Activating service name='org.gnome.evince.Daemon'
Successfully activated service 'org.gnome.evince.Daemon'
RegisterDocument registered owner ':1.274' for URI 'file:///home/alunoifpe/Downloads/WEB%20II%20-%20Aula_05%20-%20Primeira%20Aplica%C3%A7%C3%A3o%20-%20Tutorial%20Blog.pdf'
Watch name':1.274' appeared with owner ':1.274'
RegisterDocument process pending invocations for URI file:///home/alunoifpe/Downloads/WEB%20II%20-%20Aula_05%20-%20Primeira%20Aplica%C3%A7%C3%A3o%20-%20Tutorial%20Blog.pdf

** (zeitgeist-datahub:17201): WARNING **: recent-manager-provider.vala:132: Desktop file for "file:///home/alunoifpe/SGRH" was not found, exec: sublime_text, mime_type: inode/directory

** (zeitgeist-datahub:17201): WARNING **: recent-manager-provider.vala:132: Desktop file for "file:///home/alunoifpe/kaline" was not found, exec: sublime_text, mime_type: inode/directory

** (zeitgeist-datahub:17201): WARNING **: recent-manager-provider.vala:132: Desktop file for "file:///home/alunoifpe/SGRH" was not found, exec: sublime_text, mime_type: inode/directory

** (zeitgeist-datahub:17201): WARNING **: recent-manager-provider.vala:132: Desktop file for "file:///home/alunoifpe/kaline" was not found, exec: sublime_text, mime_type: inode/directory
UnregisterDocument URI 'file:///home/alunoifpe/Downloads/WEB%20II%20-%20Aula_05%20-%20Primeira%20Aplica%C3%A7%C3%A3o%20-%20Tutorial%20Blog.pdf'

** (zeitgeist-datahub:17201): WARNING **: recent-manager-provider.vala:132: Desktop file for "file:///home/alunoifpe/SGRH" was not found, exec: sublime_text, mime_type: inode/directory

** (zeitgeist-datahub:17201): WARNING **: recent-manager-provider.vala:132: Desktop file for "file:///home/alunoifpe/kaline" was not found, exec: sublime_text, mime_type: inode/directory

** (zeitgeist-fts:17199): WARNING **: Unable to get info on application://nautilus-autostart.desktop
Activating service name='org.gnome.evince.Daemon'
Successfully activated service 'org.gnome.evince.Daemon'
RegisterDocument registered owner ':1.279' for URI 'file:///home/alunoifpe/Downloads/WEB%20II%20-%20Aula_07%20-%20Tutorial%20Autentica%C3%A7%C3%A3o%20e%20Autoriza%C3%A7%C3%A3o.pdf'
Watch name':1.279' appeared with owner ':1.279'
RegisterDocument process pending invocations for URI file:///home/alunoifpe/Downloads/WEB%20II%20-%20Aula_07%20-%20Tutorial%20Autentica%C3%A7%C3%A3o%20e%20Autoriza%C3%A7%C3%A3o.pdf

** (zeitgeist-datahub:17201): WARNING **: recent-manager-provider.vala:132: Desktop file for "file:///home/alunoifpe/SGRH" was not found, exec: sublime_text, mime_type: inode/directory

** (zeitgeist-datahub:17201): WARNING **: recent-manager-provider.vala:132: Desktop file for "file:///home/alunoifpe/kaline" was not found, exec: sublime_text, mime_type: inode/directory
Activating service name='com.ubuntu.OneConf'
Successfully activated service 'com.ubuntu.OneConf'
WARNING:oneconf.hosts:Error in loading other_hosts file: [Errno 2] No such file or directory: '/home/alunoifpe/.cache/oneconf/30cc996d06b57791490daad15639f811/other_hosts'
Activating service name='com.ubuntu.sso'
Successfully activated service 'com.ubuntu.sso'
Activating service name='com.ubuntu.sso'
Successfully activated service 'com.ubuntu.sso'
Activating service name='com.canonical.Unity.Scope.Academic.Zotero'
Successfully activated service 'com.canonical.Unity.Scope.Academic.Zotero'
Activating service name='com.canonical.Unity.Scope.File.Gdrive'
Successfully activated service 'com.canonical.Unity.Scope.File.Gdrive'

(unity-scope-home:17156): libunity-WARNING **: unity-aggregator-scope.vala:145: Erro ao serializar GVariant com o texto de tipo "mv" para o formato delimitado pelo D-Bus

** (zeitgeist-datahub:17201): WARNING **: recent-manager-provider.vala:132: Desktop file for "file:///home/alunoifpe/sgrh" was not found, exec: sublime_text, mime_type: inode/directory
UnregisterDocument URI 'file:///home/alunoifpe/Downloads/WEB%20II%20-%20Aula_07%20-%20Tutorial%20Autentica%C3%A7%C3%A3o%20e%20Autoriza%C3%A7%C3%A3o.pdf'

** (zeitgeist-datahub:17201): WARNING **: recent-manager-provider.vala:132: Desktop file for "file:///home/alunoifpe/sgrh" was not found, exec: sublime_text, mime_type: inode/directory

** (zeitgeist-fts:17199): WARNING **: Unable to get info on application://nautilus-autostart.desktop
Activating service name='org.gnome.evince.Daemon'
Successfully activated service 'org.gnome.evince.Daemon'
RegisterDocument registered owner ':1.301' for URI 'file:///home/alunoifpe/Downloads/WEB%20II%20-%20Aula_05%20-%20Primeira%20Aplica%C3%A7%C3%A3o%20-%20Tutorial%20Blog.pdf'
Watch name':1.301' appeared with owner ':1.301'

** (zeitgeist-datahub:17201): WARNING **: recent-manager-provider.vala:132: Desktop file for "file:///home/alunoifpe/sgrh" was not found, exec: sublime_text, mime_type: inode/directory
RegisterDocument process pending invocations for URI file:///home/alunoifpe/Downloads/WEB%20II%20-%20Aula_05%20-%20Primeira%20Aplica%C3%A7%C3%A3o%20-%20Tutorial%20Blog.pdf

** (zeitgeist-datahub:17201): WARNING **: recent-manager-provider.vala:132: Desktop file for "file:///home/alunoifpe/sgrh" was not found, exec: sublime_text, mime_type: inode/directory
Activating service name='com.ubuntu.OneConf'
Successfully activated service 'com.ubuntu.OneConf'
WARNING:oneconf.hosts:Error in loading other_hosts file: [Errno 2] No such file or directory: '/home/alunoifpe/.cache/oneconf/30cc996d06b57791490daad15639f811/other_hosts'
Activating service name='com.ubuntu.sso'
Successfully activated service 'com.ubuntu.sso'
